<?xml version="1.0" encoding="UTF-8"?>
<robot generator="Robot 6.1.1 (Python 3.11.1 on win32)" generated="20231031 18:16:30.105" rpa="false" schemaversion="4">
<suite id="s1" name="Automation IRCTC" source="C:\Users\great\Desktop\Learn\RobotFrameWork Learning\Automation IRCTC">
<suite id="s1-s1" name="IRCTC" source="C:\Users\great\Desktop\Learn\RobotFrameWork Learning\Automation IRCTC\IRCTC.robot">
<test id="s1-s1-t1" name="Open Browser and Url" line="10">
<kw name="Open Browser" library="SeleniumLibrary">
<arg>url=${url}</arg>
<arg>browser=edge</arg>
<doc>Opens a new browser instance to the optional ``url``.</doc>
<msg timestamp="20231031 18:16:30.447" level="INFO">Opening browser 'edge' to base url 'https://www.irctc.co.in/nget/train-search'.</msg>
<status status="PASS" starttime="20231031 18:16:30.445" endtime="20231031 18:16:45.153"/>
</kw>
<kw name="Maximize Browser Window" library="SeleniumLibrary">
<doc>Maximizes current browser window.</doc>
<status status="PASS" starttime="20231031 18:16:45.154" endtime="20231031 18:16:45.282"/>
</kw>
<kw name="Sleep" library="BuiltIn">
<arg>time_=1</arg>
<doc>Pauses the test executed for the given time.</doc>
<msg timestamp="20231031 18:16:46.282" level="INFO">Slept 1 second</msg>
<status status="PASS" starttime="20231031 18:16:45.282" endtime="20231031 18:16:46.283"/>
</kw>
<status status="PASS" starttime="20231031 18:16:30.444" endtime="20231031 18:16:46.284"/>
</test>
<test id="s1-s1-t2" name="Search Details" line="15">
<kw name="Input Text" library="SeleniumLibrary">
<arg>locator=//*[@id="origin"]/span/input</arg>
<arg>text=Pune</arg>
<doc>Types the given ``text`` into the text field identified by ``locator``.</doc>
<msg timestamp="20231031 18:16:46.289" level="INFO">Typing text 'Pune' into text field '//*[@id="origin"]/span/input'.</msg>
<status status="PASS" starttime="20231031 18:16:46.287" endtime="20231031 18:16:46.460"/>
</kw>
<kw name="Press Keys" library="SeleniumLibrary">
<arg>//*[@id="origin"]/span/input</arg>
<arg>ENTER</arg>
<doc>Simulates the user pressing key(s) to an element or on the active browser.</doc>
<msg timestamp="20231031 18:16:46.460" level="INFO">Sending key(s) ('ENTER',) to //*[@id="origin"]/span/input element.</msg>
<msg timestamp="20231031 18:16:46.790" level="INFO">Pressing special key ENTER to element.</msg>
<msg timestamp="20231031 18:16:46.790" level="INFO">Releasing special key ENTER.</msg>
<status status="PASS" starttime="20231031 18:16:46.460" endtime="20231031 18:16:46.825"/>
</kw>
<kw name="Input Text" library="SeleniumLibrary">
<arg>locator=//*[@id="destination"]/span/input</arg>
<arg>text=Solapur</arg>
<doc>Types the given ``text`` into the text field identified by ``locator``.</doc>
<msg timestamp="20231031 18:16:46.829" level="INFO">Typing text 'Solapur' into text field '//*[@id="destination"]/span/input'.</msg>
<status status="PASS" starttime="20231031 18:16:46.827" endtime="20231031 18:16:47.069"/>
</kw>
<kw name="Press Keys" library="SeleniumLibrary">
<arg>//*[@id="destination"]/span/input</arg>
<arg>ENTER</arg>
<doc>Simulates the user pressing key(s) to an element or on the active browser.</doc>
<msg timestamp="20231031 18:16:47.071" level="INFO">Sending key(s) ('ENTER',) to //*[@id="destination"]/span/input element.</msg>
<msg timestamp="20231031 18:16:47.381" level="INFO">Pressing special key ENTER to element.</msg>
<msg timestamp="20231031 18:16:47.381" level="INFO">Releasing special key ENTER.</msg>
<status status="PASS" starttime="20231031 18:16:47.070" endtime="20231031 18:16:47.398"/>
</kw>
<kw name="Click Element" library="SeleniumLibrary">
<arg>locator=//*[@id="jDate"]/span/input</arg>
<doc>Click the element identified by ``locator``.</doc>
<msg timestamp="20231031 18:16:47.401" level="INFO">Clicking element '//*[@id="jDate"]/span/input'.</msg>
<status status="PASS" starttime="20231031 18:16:47.399" endtime="20231031 18:16:47.547"/>
</kw>
<kw name="Press Keys" library="SeleniumLibrary">
<arg>//*[@id="jDate"]/span/input</arg>
<arg>CTRL+A</arg>
<doc>Simulates the user pressing key(s) to an element or on the active browser.</doc>
<msg timestamp="20231031 18:16:47.551" level="INFO">Sending key(s) ('CTRL+A',) to //*[@id="jDate"]/span/input element.</msg>
<msg timestamp="20231031 18:16:47.876" level="INFO">Pressing special key CONTROL down.</msg>
<msg timestamp="20231031 18:16:47.876" level="INFO">Sending key A</msg>
<msg timestamp="20231031 18:16:47.876" level="INFO">Releasing special key CONTROL.</msg>
<status status="PASS" starttime="20231031 18:16:47.548" endtime="20231031 18:16:47.891"/>
</kw>
<kw name="Sleep" library="BuiltIn">
<arg>time_=1</arg>
<doc>Pauses the test executed for the given time.</doc>
<msg timestamp="20231031 18:16:48.892" level="INFO">Slept 1 second</msg>
<status status="PASS" starttime="20231031 18:16:47.892" endtime="20231031 18:16:48.892"/>
</kw>
<kw name="Press Keys" library="SeleniumLibrary">
<arg>//*[@id="jDate"]/span/input</arg>
<arg>BACKSPACE</arg>
<doc>Simulates the user pressing key(s) to an element or on the active browser.</doc>
<msg timestamp="20231031 18:16:48.895" level="INFO">Sending key(s) ('BACKSPACE',) to //*[@id="jDate"]/span/input element.</msg>
<msg timestamp="20231031 18:16:49.187" level="INFO">Pressing special key BACKSPACE to element.</msg>
<msg timestamp="20231031 18:16:49.188" level="INFO">Releasing special key BACKSPACE.</msg>
<status status="PASS" starttime="20231031 18:16:48.893" endtime="20231031 18:16:49.203"/>
</kw>
<kw name="Input Text" library="SeleniumLibrary">
<arg>locator=//*[@id="jDate"]/span/input</arg>
<arg>text=18/12/2023</arg>
<doc>Types the given ``text`` into the text field identified by ``locator``.</doc>
<msg timestamp="20231031 18:16:49.203" level="INFO">Typing text '18/12/2023' into text field '//*[@id="jDate"]/span/input'.</msg>
<status status="PASS" starttime="20231031 18:16:49.203" endtime="20231031 18:16:49.378"/>
</kw>
<kw name="Sleep" library="BuiltIn">
<arg>time_=1</arg>
<doc>Pauses the test executed for the given time.</doc>
<msg timestamp="20231031 18:16:50.384" level="INFO">Slept 1 second</msg>
<status status="PASS" starttime="20231031 18:16:49.382" endtime="20231031 18:16:50.384"/>
</kw>
<kw name="Press Keys" library="SeleniumLibrary">
<arg>//*[@id="jDate"]/span/input</arg>
<arg>ENTER</arg>
<doc>Simulates the user pressing key(s) to an element or on the active browser.</doc>
<msg timestamp="20231031 18:16:50.386" level="INFO">Sending key(s) ('ENTER',) to //*[@id="jDate"]/span/input element.</msg>
<msg timestamp="20231031 18:16:50.666" level="INFO">Pressing special key ENTER to element.</msg>
<msg timestamp="20231031 18:16:50.666" level="INFO">Releasing special key ENTER.</msg>
<status status="PASS" starttime="20231031 18:16:50.385" endtime="20231031 18:16:50.693"/>
</kw>
<status status="PASS" starttime="20231031 18:16:46.286" endtime="20231031 18:16:50.694"/>
</test>
<test id="s1-s1-t3" name="Select Train LTT VSKP EXPRESS 3A" line="28">
<kw name="Sleep" library="BuiltIn">
<arg>time_=2</arg>
<doc>Pauses the test executed for the given time.</doc>
<msg timestamp="20231031 18:16:52.699" level="INFO">Slept 2 seconds</msg>
<status status="PASS" starttime="20231031 18:16:50.697" endtime="20231031 18:16:52.700"/>
</kw>
<kw name="Click Element" library="SeleniumLibrary">
<arg>locator=//*[@id="divMain"]/div/app-train-list/div[4]/div/div[5]/div[3]/div[1]/app-train-avl-enq/div[1]/div[5]/div[1]/table/tr/td[2]/div/div[2]</arg>
<doc>Click the element identified by ``locator``.</doc>
<msg timestamp="20231031 18:16:52.702" level="INFO">Clicking element '//*[@id="divMain"]/div/app-train-list/div[4]/div/div[5]/div[3]/div[1]/app-train-avl-enq/div[1]/div[5]/div[1]/table/tr/td[2]/div/div[2]'.</msg>
<status status="PASS" starttime="20231031 18:16:52.700" endtime="20231031 18:16:52.915"/>
</kw>
<kw name="Sleep" library="BuiltIn">
<arg>time_=1</arg>
<doc>Pauses the test executed for the given time.</doc>
<msg timestamp="20231031 18:16:53.917" level="INFO">Slept 1 second</msg>
<status status="PASS" starttime="20231031 18:16:52.917" endtime="20231031 18:16:53.917"/>
</kw>
<kw name="Click Element" library="SeleniumLibrary">
<arg>locator=//*[@id="divMain"]/div/app-train-list/div[4]/div/div[5]/div[3]/div[1]/app-train-avl-enq/div[1]/div[7]/div[1]/div[3]/table/tr/td[2]/div/div[2]</arg>
<doc>Click the element identified by ``locator``.</doc>
<msg timestamp="20231031 18:16:53.917" level="INFO">Clicking element '//*[@id="divMain"]/div/app-train-list/div[4]/div/div[5]/div[3]/div[1]/app-train-avl-enq/div[1]/div[7]/div[1]/div[3]/table/tr/td[2]/div/div[2]'.</msg>
<status status="PASS" starttime="20231031 18:16:53.917" endtime="20231031 18:16:53.990"/>
</kw>
<kw name="Sleep" library="BuiltIn">
<arg>time_=1</arg>
<doc>Pauses the test executed for the given time.</doc>
<msg timestamp="20231031 18:16:54.994" level="INFO">Slept 1 second</msg>
<status status="PASS" starttime="20231031 18:16:53.990" endtime="20231031 18:16:54.994"/>
</kw>
<kw name="Execute Javascript" library="SeleniumLibrary">
<arg>window.scrollBy(0,100)</arg>
<doc>Executes the given JavaScript code with possible arguments.</doc>
<msg timestamp="20231031 18:16:54.998" level="INFO">Executing JavaScript:
window.scrollBy(0,100)
Without any arguments.</msg>
<status status="PASS" starttime="20231031 18:16:54.996" endtime="20231031 18:16:55.042"/>
</kw>
<kw name="Sleep" library="BuiltIn">
<arg>time_=2</arg>
<doc>Pauses the test executed for the given time.</doc>
<msg timestamp="20231031 18:16:57.044" level="INFO">Slept 2 seconds</msg>
<status status="PASS" starttime="20231031 18:16:55.043" endtime="20231031 18:16:57.044"/>
</kw>
<kw name="Click Button" library="SeleniumLibrary">
<arg>locator=//*[@id="divMain"]/div/app-train-list/div[4]/div/div[5]/div[3]/div[1]/app-train-avl-enq/div[2]/div/span/span[1]/button</arg>
<doc>Clicks the button identified by ``locator``.</doc>
<msg timestamp="20231031 18:16:57.046" level="INFO">Clicking button '//*[@id="divMain"]/div/app-train-list/div[4]/div/div[5]/div[3]/div[1]/app-train-avl-enq/div[2]/div/span/span[1]/button'.</msg>
<status status="PASS" starttime="20231031 18:16:57.045" endtime="20231031 18:16:57.239"/>
</kw>
<status status="PASS" starttime="20231031 18:16:50.695" endtime="20231031 18:16:57.240"/>
</test>
<test id="s1-s1-t4" name="Sign In" line="41">
<kw name="Sleep" library="BuiltIn">
<arg>time_=20</arg>
<doc>Pauses the test executed for the given time.</doc>
<status status="FAIL" starttime="20231031 18:16:57.245" endtime="20231031 18:17:04.505"/>
</kw>
<kw name="Click Button" library="SeleniumLibrary">
<arg>locator=//*[@id="login_header_disable"]/div/div/div[2]/div[2]/div/div[2]/div[2]/div[2]/form/span/button</arg>
<doc>Clicks the button identified by ``locator``.</doc>
<status status="NOT RUN" starttime="20231031 18:17:04.505" endtime="20231031 18:17:04.505"/>
</kw>
<kw name="Sleep" library="BuiltIn">
<arg>time_=10</arg>
<doc>Pauses the test executed for the given time.</doc>
<status status="NOT RUN" starttime="20231031 18:17:04.505" endtime="20231031 18:17:04.505"/>
</kw>
<kw name="Close Browser" library="SeleniumLibrary">
<doc>Closes the current browser.</doc>
<status status="NOT RUN" starttime="20231031 18:17:04.505" endtime="20231031 18:17:04.505"/>
</kw>
<status status="FAIL" starttime="20231031 18:16:57.243" endtime="20231031 18:17:04.505">Execution terminated by signal</status>
</test>
<status status="FAIL" starttime="20231031 18:16:30.153" endtime="20231031 18:17:04.515"/>
</suite>
<status status="FAIL" starttime="20231031 18:16:30.116" endtime="20231031 18:17:04.515"/>
</suite>
<statistics>
<total>
<stat pass="3" fail="1" skip="0">All Tests</stat>
</total>
<tag>
</tag>
<suite>
<stat pass="3" fail="1" skip="0" id="s1" name="Automation IRCTC">Automation IRCTC</stat>
<stat pass="3" fail="1" skip="0" id="s1-s1" name="IRCTC">Automation IRCTC.IRCTC</stat>
</suite>
</statistics>
<errors>
</errors>
</robot>
