<?xml version="1.0" encoding="UTF-8"?>
<robot generator="Robot 6.1.1 (Python 3.11.1 on win32)" generated="20231031 18:28:16.035" rpa="false" schemaversion="4">
<suite id="s1" name="Automation IRCTC" source="C:\Users\great\Desktop\Learn\RobotFrameWork Learning\Automation IRCTC">
<suite id="s1-s1" name="IRCTC" source="C:\Users\great\Desktop\Learn\RobotFrameWork Learning\Automation IRCTC\IRCTC.robot">
<test id="s1-s1-t1" name="Open Browser and Url" line="10">
<kw name="Open Browser" library="SeleniumLibrary">
<arg>url=${url}</arg>
<arg>browser=edge</arg>
<doc>Opens a new browser instance to the optional ``url``.</doc>
<msg timestamp="20231031 18:28:16.377" level="INFO">Opening browser 'edge' to base url 'https://www.irctc.co.in/nget/train-search'.</msg>
<status status="PASS" starttime="20231031 18:28:16.377" endtime="20231031 18:28:35.366"/>
</kw>
<kw name="Maximize Browser Window" library="SeleniumLibrary">
<doc>Maximizes current browser window.</doc>
<status status="PASS" starttime="20231031 18:28:35.366" endtime="20231031 18:28:35.485"/>
</kw>
<kw name="Sleep" library="BuiltIn">
<arg>time_=1</arg>
<doc>Pauses the test executed for the given time.</doc>
<msg timestamp="20231031 18:28:36.488" level="INFO">Slept 1 second</msg>
<status status="PASS" starttime="20231031 18:28:35.486" endtime="20231031 18:28:36.488"/>
</kw>
<status status="PASS" starttime="20231031 18:28:16.377" endtime="20231031 18:28:36.490"/>
</test>
<test id="s1-s1-t2" name="Search Details" line="15">
<kw name="Input Text" library="SeleniumLibrary">
<arg>locator=//*[@id="origin"]/span/input</arg>
<arg>text=Pune</arg>
<doc>Types the given ``text`` into the text field identified by ``locator``.</doc>
<msg timestamp="20231031 18:28:36.499" level="INFO">Typing text 'Pune' into text field '//*[@id="origin"]/span/input'.</msg>
<status status="PASS" starttime="20231031 18:28:36.496" endtime="20231031 18:28:36.891"/>
</kw>
<kw name="Press Keys" library="SeleniumLibrary">
<arg>//*[@id="origin"]/span/input</arg>
<arg>ENTER</arg>
<doc>Simulates the user pressing key(s) to an element or on the active browser.</doc>
<msg timestamp="20231031 18:28:36.893" level="INFO">Sending key(s) ('ENTER',) to //*[@id="origin"]/span/input element.</msg>
<msg timestamp="20231031 18:28:37.222" level="INFO">Pressing special key ENTER to element.</msg>
<msg timestamp="20231031 18:28:37.223" level="INFO">Releasing special key ENTER.</msg>
<status status="PASS" starttime="20231031 18:28:36.891" endtime="20231031 18:28:37.248"/>
</kw>
<kw name="Input Text" library="SeleniumLibrary">
<arg>locator=//*[@id="destination"]/span/input</arg>
<arg>text=Solapur</arg>
<doc>Types the given ``text`` into the text field identified by ``locator``.</doc>
<msg timestamp="20231031 18:28:37.250" level="INFO">Typing text 'Solapur' into text field '//*[@id="destination"]/span/input'.</msg>
<status status="PASS" starttime="20231031 18:28:37.249" endtime="20231031 18:28:37.478"/>
</kw>
<kw name="Press Keys" library="SeleniumLibrary">
<arg>//*[@id="destination"]/span/input</arg>
<arg>ENTER</arg>
<doc>Simulates the user pressing key(s) to an element or on the active browser.</doc>
<msg timestamp="20231031 18:28:37.480" level="INFO">Sending key(s) ('ENTER',) to //*[@id="destination"]/span/input element.</msg>
<msg timestamp="20231031 18:28:37.797" level="INFO">Pressing special key ENTER to element.</msg>
<msg timestamp="20231031 18:28:37.797" level="INFO">Releasing special key ENTER.</msg>
<status status="PASS" starttime="20231031 18:28:37.479" endtime="20231031 18:28:37.824"/>
</kw>
<kw name="Click Element" library="SeleniumLibrary">
<arg>locator=//*[@id="jDate"]/span/input</arg>
<doc>Click the element identified by ``locator``.</doc>
<msg timestamp="20231031 18:28:37.824" level="INFO">Clicking element '//*[@id="jDate"]/span/input'.</msg>
<status status="PASS" starttime="20231031 18:28:37.824" endtime="20231031 18:28:37.982"/>
</kw>
<kw name="Press Keys" library="SeleniumLibrary">
<arg>//*[@id="jDate"]/span/input</arg>
<arg>CTRL+A</arg>
<doc>Simulates the user pressing key(s) to an element or on the active browser.</doc>
<msg timestamp="20231031 18:28:37.984" level="INFO">Sending key(s) ('CTRL+A',) to //*[@id="jDate"]/span/input element.</msg>
<msg timestamp="20231031 18:28:38.296" level="INFO">Pressing special key CONTROL down.</msg>
<msg timestamp="20231031 18:28:38.296" level="INFO">Sending key A</msg>
<msg timestamp="20231031 18:28:38.296" level="INFO">Releasing special key CONTROL.</msg>
<status status="PASS" starttime="20231031 18:28:37.983" endtime="20231031 18:28:38.314"/>
</kw>
<kw name="Sleep" library="BuiltIn">
<arg>time_=1</arg>
<doc>Pauses the test executed for the given time.</doc>
<msg timestamp="20231031 18:28:39.316" level="INFO">Slept 1 second</msg>
<status status="PASS" starttime="20231031 18:28:38.315" endtime="20231031 18:28:39.316"/>
</kw>
<kw name="Press Keys" library="SeleniumLibrary">
<arg>//*[@id="jDate"]/span/input</arg>
<arg>BACKSPACE</arg>
<doc>Simulates the user pressing key(s) to an element or on the active browser.</doc>
<msg timestamp="20231031 18:28:39.316" level="INFO">Sending key(s) ('BACKSPACE',) to //*[@id="jDate"]/span/input element.</msg>
<msg timestamp="20231031 18:28:39.605" level="INFO">Pressing special key BACKSPACE to element.</msg>
<msg timestamp="20231031 18:28:39.605" level="INFO">Releasing special key BACKSPACE.</msg>
<status status="PASS" starttime="20231031 18:28:39.316" endtime="20231031 18:28:39.629"/>
</kw>
<kw name="Input Text" library="SeleniumLibrary">
<arg>locator=//*[@id="jDate"]/span/input</arg>
<arg>text=18/12/2023</arg>
<doc>Types the given ``text`` into the text field identified by ``locator``.</doc>
<msg timestamp="20231031 18:28:39.631" level="INFO">Typing text '18/12/2023' into text field '//*[@id="jDate"]/span/input'.</msg>
<status status="PASS" starttime="20231031 18:28:39.630" endtime="20231031 18:28:39.839"/>
</kw>
<kw name="Sleep" library="BuiltIn">
<arg>time_=1</arg>
<doc>Pauses the test executed for the given time.</doc>
<msg timestamp="20231031 18:28:40.840" level="INFO">Slept 1 second</msg>
<status status="PASS" starttime="20231031 18:28:39.839" endtime="20231031 18:28:40.840"/>
</kw>
<kw name="Press Keys" library="SeleniumLibrary">
<arg>//*[@id="jDate"]/span/input</arg>
<arg>ENTER</arg>
<doc>Simulates the user pressing key(s) to an element or on the active browser.</doc>
<msg timestamp="20231031 18:28:40.842" level="INFO">Sending key(s) ('ENTER',) to //*[@id="jDate"]/span/input element.</msg>
<msg timestamp="20231031 18:28:41.139" level="INFO">Pressing special key ENTER to element.</msg>
<msg timestamp="20231031 18:28:41.139" level="INFO">Releasing special key ENTER.</msg>
<status status="PASS" starttime="20231031 18:28:40.841" endtime="20231031 18:28:41.166"/>
</kw>
<kw name="Sleep" library="BuiltIn">
<arg>time_=1</arg>
<doc>Pauses the test executed for the given time.</doc>
<msg timestamp="20231031 18:28:42.167" level="INFO">Slept 1 second</msg>
<status status="PASS" starttime="20231031 18:28:41.167" endtime="20231031 18:28:42.167"/>
</kw>
<status status="PASS" starttime="20231031 18:28:36.494" endtime="20231031 18:28:42.168"/>
</test>
<test id="s1-s1-t3" name="Select Train" line="29">
<kw name="Sleep" library="BuiltIn">
<arg>time_=2</arg>
<doc>Pauses the test executed for the given time.</doc>
<msg timestamp="20231031 18:28:44.173" level="INFO">Slept 2 seconds</msg>
<status status="PASS" starttime="20231031 18:28:42.172" endtime="20231031 18:28:44.173"/>
</kw>
<kw name="Click Element" library="SeleniumLibrary">
<arg>locator=//*[@id="divMain"]/div/app-train-list/div[4]/div/div[5]/div[3]/div[1]/app-train-avl-enq/div[1]/div[5]/div[1]/table/tr/td[2]/div/div[2]</arg>
<doc>Click the element identified by ``locator``.</doc>
<msg timestamp="20231031 18:28:44.173" level="INFO">Clicking element '//*[@id="divMain"]/div/app-train-list/div[4]/div/div[5]/div[3]/div[1]/app-train-avl-enq/div[1]/div[5]/div[1]/table/tr/td[2]/div/div[2]'.</msg>
<status status="PASS" starttime="20231031 18:28:44.173" endtime="20231031 18:28:44.264"/>
</kw>
<kw name="Sleep" library="BuiltIn">
<arg>time_=1</arg>
<doc>Pauses the test executed for the given time.</doc>
<msg timestamp="20231031 18:28:45.264" level="INFO">Slept 1 second</msg>
<status status="PASS" starttime="20231031 18:28:44.264" endtime="20231031 18:28:45.264"/>
</kw>
<kw name="Click Element" library="SeleniumLibrary">
<arg>locator=//*[@id="divMain"]/div/app-train-list/div[4]/div/div[5]/div[3]/div[1]/app-train-avl-enq/div[1]/div[7]/div[1]/div[3]/table/tr/td[2]/div/div[2]</arg>
<doc>Click the element identified by ``locator``.</doc>
<msg timestamp="20231031 18:28:45.264" level="INFO">Clicking element '//*[@id="divMain"]/div/app-train-list/div[4]/div/div[5]/div[3]/div[1]/app-train-avl-enq/div[1]/div[7]/div[1]/div[3]/table/tr/td[2]/div/div[2]'.</msg>
<status status="PASS" starttime="20231031 18:28:45.264" endtime="20231031 18:28:45.347"/>
</kw>
<kw name="Sleep" library="BuiltIn">
<arg>time_=1</arg>
<doc>Pauses the test executed for the given time.</doc>
<msg timestamp="20231031 18:28:46.348" level="INFO">Slept 1 second</msg>
<status status="PASS" starttime="20231031 18:28:45.348" endtime="20231031 18:28:46.348"/>
</kw>
<kw name="Execute Javascript" library="SeleniumLibrary">
<arg>window.scrollBy(0,100)</arg>
<doc>Executes the given JavaScript code with possible arguments.</doc>
<msg timestamp="20231031 18:28:46.348" level="INFO">Executing JavaScript:
window.scrollBy(0,100)
Without any arguments.</msg>
<status status="PASS" starttime="20231031 18:28:46.348" endtime="20231031 18:28:46.363"/>
</kw>
<kw name="Sleep" library="BuiltIn">
<arg>time_=2</arg>
<doc>Pauses the test executed for the given time.</doc>
<msg timestamp="20231031 18:28:48.364" level="INFO">Slept 2 seconds</msg>
<status status="PASS" starttime="20231031 18:28:46.363" endtime="20231031 18:28:48.364"/>
</kw>
<kw name="Click Button" library="SeleniumLibrary">
<arg>locator=//*[@id="divMain"]/div/app-train-list/div[4]/div/div[5]/div[3]/div[1]/app-train-avl-enq/div[2]/div/span/span[1]/button</arg>
<doc>Clicks the button identified by ``locator``.</doc>
<msg timestamp="20231031 18:28:48.364" level="INFO">Clicking button '//*[@id="divMain"]/div/app-train-list/div[4]/div/div[5]/div[3]/div[1]/app-train-avl-enq/div[2]/div/span/span[1]/button'.</msg>
<status status="PASS" starttime="20231031 18:28:48.364" endtime="20231031 18:28:48.528"/>
</kw>
<status status="PASS" starttime="20231031 18:28:42.170" endtime="20231031 18:28:48.528"/>
</test>
<test id="s1-s1-t4" name="Sign In" line="42">
<kw name="Sleep" library="BuiltIn">
<arg>time_=20</arg>
<doc>Pauses the test executed for the given time.</doc>
<msg timestamp="20231031 18:29:08.538" level="INFO">Slept 20 seconds</msg>
<status status="PASS" starttime="20231031 18:28:48.528" endtime="20231031 18:29:08.538"/>
</kw>
<kw name="Click Button" library="SeleniumLibrary">
<arg>locator=//*[@id="login_header_disable"]/div/div/div[2]/div[2]/div/div[2]/div[2]/div[2]/form/span/button</arg>
<doc>Clicks the button identified by ``locator``.</doc>
<msg timestamp="20231031 18:29:08.540" level="INFO">Clicking button '//*[@id="login_header_disable"]/div/div/div[2]/div[2]/div/div[2]/div[2]/div[2]/form/span/button'.</msg>
<status status="PASS" starttime="20231031 18:29:08.539" endtime="20231031 18:29:08.673"/>
</kw>
<kw name="Sleep" library="BuiltIn">
<arg>time_=10</arg>
<doc>Pauses the test executed for the given time.</doc>
<msg timestamp="20231031 18:29:18.675" level="INFO">Slept 10 seconds</msg>
<status status="PASS" starttime="20231031 18:29:08.674" endtime="20231031 18:29:18.675"/>
</kw>
<kw name="Close Browser" library="SeleniumLibrary">
<doc>Closes the current browser.</doc>
<status status="PASS" starttime="20231031 18:29:18.676" endtime="20231031 18:29:21.053"/>
</kw>
<status status="PASS" starttime="20231031 18:28:48.528" endtime="20231031 18:29:21.053"/>
</test>
<status status="PASS" starttime="20231031 18:28:16.092" endtime="20231031 18:29:21.053"/>
</suite>
<status status="PASS" starttime="20231031 18:28:16.042" endtime="20231031 18:29:21.053"/>
</suite>
<statistics>
<total>
<stat pass="4" fail="0" skip="0">All Tests</stat>
</total>
<tag>
</tag>
<suite>
<stat pass="4" fail="0" skip="0" id="s1" name="Automation IRCTC">Automation IRCTC</stat>
<stat pass="4" fail="0" skip="0" id="s1-s1" name="IRCTC">Automation IRCTC.IRCTC</stat>
</suite>
</statistics>
<errors>
</errors>
</robot>
